2024-08-22T12:06:02.407+05:30  INFO 76844 --- [loginframework] [Test worker] c.e.l.LoginframeworkApplicationTests     : Starting LoginframeworkApplicationTests using Java 21.0.3 with PID 76844 (started by kunjanpatel in /Users/kunjanpatel/Desktop/Java Technology/Java-Technology/LoginFramework/loginframework)
2024-08-22T12:06:02.413+05:30  INFO 76844 --- [loginframework] [Test worker] c.e.l.LoginframeworkApplicationTests     : No active profile set, falling back to 1 default profile: "default"
2024-08-22T12:06:02.433+05:30 DEBUG 76844 --- [loginframework] [Test worker] o.s.w.c.s.GenericWebApplicationContext   : Refreshing org.springframework.web.context.support.GenericWebApplicationContext@5cdf39b2
2024-08-22T12:06:03.056+05:30 DEBUG 76844 --- [loginframework] [Test worker] s.w.s.m.m.a.RequestMappingHandlerMapping : 2 mappings in 'requestMappingHandlerMapping'
2024-08-22T12:06:03.099+05:30 DEBUG 76844 --- [loginframework] [Test worker] o.s.w.s.handler.SimpleUrlHandlerMapping  : Patterns [/webjars/**, /**] in 'resourceHandlerMapping'
2024-08-22T12:06:03.116+05:30 DEBUG 76844 --- [loginframework] [Test worker] s.w.s.m.m.a.RequestMappingHandlerAdapter : ControllerAdvice beans: 0 @ModelAttribute, 0 @InitBinder, 1 RequestBodyAdvice, 1 ResponseBodyAdvice
2024-08-22T12:06:03.136+05:30 DEBUG 76844 --- [loginframework] [Test worker] .m.m.a.ExceptionHandlerExceptionResolver : ControllerAdvice beans: 0 @ExceptionHandler, 1 ResponseBodyAdvice
2024-08-22T12:06:03.259+05:30  INFO 76844 --- [loginframework] [Test worker] o.s.b.a.e.web.EndpointLinksResolver      : Exposing 2 endpoints beneath base path '/actuator'
2024-08-22T12:06:03.306+05:30  INFO 76844 --- [loginframework] [Test worker] c.e.l.LoginframeworkApplicationTests     : Started LoginframeworkApplicationTests in 1.052 seconds (process running for 1.795)
2024-08-22T12:06:03.960+05:30 DEBUG 76844 --- [loginframework] [SpringApplicationShutdownHook] o.s.w.c.s.GenericWebApplicationContext   : Closing org.springframework.web.context.support.GenericWebApplicationContext@5cdf39b2, started on Thu Aug 22 12:06:02 IST 2024
2024-08-22T12:06:14.580+05:30  INFO 76881 --- [loginframework] [main] c.e.l.LoginframeworkApplication          : Starting LoginframeworkApplication using Java 21.0.3 with PID 76881 (/Users/kunjanpatel/Desktop/Java Technology/Java-Technology/LoginFramework/loginframework/build/classes/java/main started by kunjanpatel in /Users/kunjanpatel/Desktop/Java Technology/Java-Technology/LoginFramework/loginframework)
2024-08-22T12:06:14.582+05:30  INFO 76881 --- [loginframework] [main] c.e.l.LoginframeworkApplication          : No active profile set, falling back to 1 default profile: "default"
2024-08-22T12:06:15.122+05:30  INFO 76881 --- [loginframework] [main] o.s.b.w.embedded.tomcat.TomcatWebServer  : Tomcat initialized with port 8080 (http)
2024-08-22T12:06:15.130+05:30  INFO 76881 --- [loginframework] [main] o.apache.catalina.core.StandardService   : Starting service [Tomcat]
2024-08-22T12:06:15.130+05:30  INFO 76881 --- [loginframework] [main] o.apache.catalina.core.StandardEngine    : Starting Servlet engine: [Apache Tomcat/10.1.26]
2024-08-22T12:06:15.160+05:30  INFO 76881 --- [loginframework] [main] o.a.c.c.C.[Tomcat].[localhost].[/]       : Initializing Spring embedded WebApplicationContext
2024-08-22T12:06:15.160+05:30  INFO 76881 --- [loginframework] [main] w.s.c.ServletWebServerApplicationContext : Root WebApplicationContext: initialization completed in 556 ms
2024-08-22T12:06:15.235+05:30 DEBUG 76881 --- [loginframework] [main] o.s.w.f.ServerHttpObservationFilter      : Filter 'webMvcObservationFilter' configured for use
2024-08-22T12:06:15.295+05:30 DEBUG 76881 --- [loginframework] [main] s.w.s.m.m.a.RequestMappingHandlerMapping : 2 mappings in 'requestMappingHandlerMapping'
2024-08-22T12:06:15.322+05:30 DEBUG 76881 --- [loginframework] [main] o.s.w.s.handler.SimpleUrlHandlerMapping  : Patterns [/webjars/**, /**] in 'resourceHandlerMapping'
2024-08-22T12:06:15.334+05:30 DEBUG 76881 --- [loginframework] [main] s.w.s.m.m.a.RequestMappingHandlerAdapter : ControllerAdvice beans: 0 @ModelAttribute, 0 @InitBinder, 1 RequestBodyAdvice, 1 ResponseBodyAdvice
2024-08-22T12:06:15.349+05:30 DEBUG 76881 --- [loginframework] [main] .m.m.a.ExceptionHandlerExceptionResolver : ControllerAdvice beans: 0 @ExceptionHandler, 1 ResponseBodyAdvice
2024-08-22T12:06:15.418+05:30  INFO 76881 --- [loginframework] [main] o.s.b.a.e.web.EndpointLinksResolver      : Exposing 2 endpoints beneath base path '/actuator'
2024-08-22T12:06:15.453+05:30  INFO 76881 --- [loginframework] [main] o.s.b.w.embedded.tomcat.TomcatWebServer  : Tomcat started on port 8080 (http) with context path '/'
2024-08-22T12:06:15.463+05:30  INFO 76881 --- [loginframework] [main] c.e.l.LoginframeworkApplication          : Started LoginframeworkApplication in 1.136 seconds (process running for 1.353)
